Using pre-set license
Built from '2021.3/staging' branch; Version is '2021.3.21f1 (1b156197d683) revision 1774945'; Using compiler version '192829333'; Build Type 'Release'
OS: 'Windows 11  (10.0.22000) 64bit Core' Language: 'en' Physical Memory: 16149 MB
BatchMode: 1, IsHumanControllingUs: 0, StartBugReporterOnCrash: 0, Is64bit: 1, IsPro: 1

COMMAND LINE ARGUMENTS:
C:\Program Files\Unity 2021.3.21f1\Editor\Unity.exe
-adb2
-batchMode
-noUpm
-name
AssetImportWorker8
-projectPath
C:/Users/brand/Documents/GitHub/Architecture/Architecture
-logFile
Logs/AssetImportWorker8.log
-srvPort
62131
Successfully changed project path to: C:/Users/brand/Documents/GitHub/Architecture/Architecture
C:/Users/brand/Documents/GitHub/Architecture/Architecture
[UnityMemory] Configuration Parameters - Can be set up in boot.config
    "memorysetup-bucket-allocator-granularity=16"
    "memorysetup-bucket-allocator-bucket-count=8"
    "memorysetup-bucket-allocator-block-size=33554432"
    "memorysetup-bucket-allocator-block-count=8"
    "memorysetup-main-allocator-block-size=16777216"
    "memorysetup-thread-allocator-block-size=16777216"
    "memorysetup-gfx-main-allocator-block-size=16777216"
    "memorysetup-gfx-thread-allocator-block-size=16777216"
    "memorysetup-cache-allocator-block-size=4194304"
    "memorysetup-typetree-allocator-block-size=2097152"
    "memorysetup-profiler-bucket-allocator-granularity=16"
    "memorysetup-profiler-bucket-allocator-bucket-count=8"
    "memorysetup-profiler-bucket-allocator-block-size=33554432"
    "memorysetup-profiler-bucket-allocator-block-count=8"
    "memorysetup-profiler-allocator-block-size=16777216"
    "memorysetup-profiler-editor-allocator-block-size=1048576"
    "memorysetup-temp-allocator-size-main=16777216"
    "memorysetup-job-temp-allocator-block-size=2097152"
    "memorysetup-job-temp-allocator-block-size-background=1048576"
    "memorysetup-job-temp-allocator-reduction-small-platforms=262144"
    "memorysetup-temp-allocator-size-background-worker=32768"
    "memorysetup-temp-allocator-size-job-worker=262144"
    "memorysetup-temp-allocator-size-preload-manager=33554432"
    "memorysetup-temp-allocator-size-nav-mesh-worker=65536"
    "memorysetup-temp-allocator-size-audio-worker=65536"
    "memorysetup-temp-allocator-size-cloud-worker=32768"
    "memorysetup-temp-allocator-size-gi-baking-worker=262144"
    "memorysetup-temp-allocator-size-gfx=262144"
Player connection [80868] Host "[IP] 10.2.1.186 [Port] 0 [Flags] 2 [Guid] 3721499640 [EditorId] 3721499640 [Version] 1048832 [Id] WindowsEditor(7,LAPTOP-INMUTBJO) [Debug] 1 [PackageName] WindowsEditor [ProjectName] Editor" joined multi-casting on [225.0.0.222:54997]...

Player connection [80868] Host "[IP] 10.2.1.186 [Port] 0 [Flags] 2 [Guid] 3721499640 [EditorId] 3721499640 [Version] 1048832 [Id] WindowsEditor(7,LAPTOP-INMUTBJO) [Debug] 1 [PackageName] WindowsEditor [ProjectName] Editor" joined alternative multi-casting on [225.0.0.222:34997]...

Refreshing native plugins compatible for Editor in 98.77 ms, found 3 plugins.
Preloading 0 native plugins for Editor in 0.00 ms.
Initialize engine version: 2021.3.21f1 (1b156197d683)
[Subsystems] Discovering subsystems at path C:/Program Files/Unity 2021.3.21f1/Editor/Data/Resources/UnitySubsystems
[Subsystems] Discovering subsystems at path C:/Users/brand/Documents/GitHub/Architecture/Architecture/Assets
GfxDevice: creating device client; threaded=0; jobified=0
Direct3D:
    Version:  Direct3D 11.0 [level 11.1]
    Renderer: Intel(R) Iris(R) Xe Graphics (ID=0x9a49)
    Vendor:   Intel
    VRAM:     8074 MB
    Driver:   30.0.101.1660
Initialize mono
Mono path[0] = 'C:/Program Files/Unity 2021.3.21f1/Editor/Data/Managed'
Mono path[1] = 'C:/Program Files/Unity 2021.3.21f1/Editor/Data/MonoBleedingEdge/lib/mono/unityjit-win32'
Mono config path = 'C:/Program Files/Unity 2021.3.21f1/Editor/Data/MonoBleedingEdge/etc'
Using monoOptions --debugger-agent=transport=dt_socket,embedding=1,server=y,suspend=n,address=127.0.0.1:56996
Begin MonoManager ReloadAssembly
Registering precompiled unity dll's ...
Register platform support module: C:/Program Files/Unity 2021.3.21f1/Editor/Data/PlaybackEngines/WebGLSupport/UnityEditor.WebGL.Extensions.dll
Register platform support module: C:/Program Files/Unity 2021.3.21f1/Editor/Data/PlaybackEngines/WindowsStandaloneSupport/UnityEditor.WindowsStandalone.Extensions.dll
Registered in 0.005764 seconds.
Native extension for WindowsStandalone target not found
Native extension for WebGL target not found
Refreshing native plugins compatible for Editor in 86.99 ms, found 3 plugins.
Preloading 0 native plugins for Editor in 0.00 ms.
Mono: successfully reloaded assembly
- Completed reload, in  0.813 seconds
Domain Reload Profiling:
	ReloadAssembly (813ms)
		BeginReloadAssembly (108ms)
			ExecutionOrderSort (0ms)
			DisableScriptedObjects (0ms)
			BackupInstance (0ms)
			ReleaseScriptingObjects (0ms)
			CreateAndSetChildDomain (1ms)
		EndReloadAssembly (590ms)
			LoadAssemblies (106ms)
			RebuildTransferFunctionScriptingTraits (0ms)
			SetupTypeCache (125ms)
			ReleaseScriptCaches (0ms)
			RebuildScriptCaches (49ms)
			SetupLoadedEditorAssemblies (327ms)
				LogAssemblyErrors (0ms)
				InitializePlatformSupportModulesInManaged (11ms)
				SetLoadedEditorAssemblies (0ms)
				RefreshPlugins (87ms)
				BeforeProcessingInitializeOnLoad (2ms)
				ProcessInitializeOnLoadAttributes (183ms)
				ProcessInitializeOnLoadMethodAttributes (44ms)
				AfterProcessingInitializeOnLoad (0ms)
				EditorAssembliesLoaded (0ms)
			ExecutionOrderSort2 (0ms)
			AwakeInstancesAfterBackupRestoration (0ms)
Platform modules already initialized, skipping
Registering precompiled user dll's ...
Registered in 0.004871 seconds.
Begin MonoManager ReloadAssembly
Symbol file LoadedFromMemory doesn't match image C:\Users\brand\Documents\GitHub\Architecture\Architecture\Library\PackageCache\com.unity.visualscripting@1.8.0\Editor\VisualScripting.Core\Dependencies\YamlDotNet\Unity.VisualScripting.YamlDotNet.dll
Symbol file LoadedFromMemory doesn't match image C:\Users\brand\Documents\GitHub\Architecture\Architecture\Library\PackageCache\com.unity.visualscripting@1.8.0\Editor\VisualScripting.Core\Dependencies\DotNetZip\Unity.VisualScripting.IonicZip.dll
Native extension for WindowsStandalone target not found
Native extension for WebGL target not found
Refreshing native plugins compatible for Editor in 0.54 ms, found 3 plugins.
Preloading 0 native plugins for Editor in 0.00 ms.
System.Exception: Error! Visual Scripting: couldn't find visual scripting package
  at Unity.VisualScripting.PackageVersionUtility.get_version () [0x00025] in C:\Users\brand\Documents\GitHub\Architecture\Architecture\Library\PackageCache\com.unity.visualscripting@1.8.0\Editor\VisualScripting.Core\Utilities\PackageVersionUtility.cs:22 
  at Unity.VisualScripting.BoltCoreManifest.get_version () [0x00000] in C:\Users\brand\Documents\GitHub\Architecture\Architecture\Library\PackageCache\com.unity.visualscripting@1.8.0\Editor\VisualScripting.Core\Plugin\BoltCoreManifest.cs:11 
  at Unity.VisualScripting.PluginManifest.get_currentVersion () [0x00000] in C:\Users\brand\Documents\GitHub\Architecture\Architecture\Library\PackageCache\com.unity.visualscripting@1.8.0\Editor\VisualScripting.Core\Plugins\PluginManifest.cs:33 
  at Unity.VisualScripting.PluginManifest.get_versionMismatch () [0x00000] in C:\Users\brand\Documents\GitHub\Architecture\Architecture\Library\PackageCache\com.unity.visualscripting@1.8.0\Editor\VisualScripting.Core\Plugins\PluginManifest.cs:48 
  at Unity.VisualScripting.PluginContainer.Initialize () [0x0057d] in C:\Users\brand\Documents\GitHub\Architecture\Architecture\Library\PackageCache\com.unity.visualscripting@1.8.0\Editor\VisualScripting.Core\Plugins\PluginContainer.cs:208 
  at Unity.VisualScripting.PluginContainer.InitializeOnLoad () [0x00012] in C:\Users\brand\Documents\GitHub\Architecture\Architecture\Library\PackageCache\com.unity.visualscripting@1.8.0\Editor\VisualScripting.Core\Plugins\PluginContainer.cs:32 
  at Unity.VisualScripting.VSUsageUtility.DoInitializeOnLoadCalls () [0x00044] in C:\Users\brand\Documents\GitHub\Architecture\Architecture\Library\PackageCache\com.unity.visualscripting@1.8.0\Editor\VisualScripting.Core\Utilities\VSUsageUtility.cs:76 
  at Unity.VisualScripting.VSUsageUtility.set_isVisualScriptingUsed (System.Boolean value) [0x00037] in C:\Users\brand\Documents\GitHub\Architecture\Architecture\Library\PackageCache\com.unity.visualscripting@1.8.0\Editor\VisualScripting.Core\Utilities\VSUsageUtility.cs:114 
  at Unity.VisualScripting.VSUsageUtility.CheckAndSetIsVisualScriptingUsed () [0x0003f] in C:\Users\brand\Documents\GitHub\Architecture\Architecture\Library\PackageCache\com.unity.visualscripting@1.8.0\Editor\VisualScripting.Core\Utilities\VSUsageUtility.cs:48 
  at Unity.VisualScripting.VSUsageUtility..cctor () [0x0000d] in C:\Users\brand\Documents\GitHub\Architecture\Architecture\Library\PackageCache\com.unity.visualscripting@1.8.0\Editor\VisualScripting.Core\Utilities\VSUsageUtility.cs:22 
UnityEngine.StackTraceUtility:ExtractStackTrace ()
UnityEngine.DebugLogHandler:LogFormat (UnityEngine.LogType,UnityEngine.Object,string,object[])
UnityEngine.Logger:Log (UnityEngine.LogType,object)
UnityEngine.Debug:LogError (object)
UnityEditor.EditorAssemblies:ProcessInitializeOnLoadAttributes (System.Type[])

Mono: successfully reloaded assembly
- Completed reload, in  1.655 seconds
Domain Reload Profiling:
	ReloadAssembly (1656ms)
		BeginReloadAssembly (145ms)
			ExecutionOrderSort (0ms)
			DisableScriptedObjects (10ms)
			BackupInstance (0ms)
			ReleaseScriptingObjects (0ms)
			CreateAndSetChildDomain (20ms)
		EndReloadAssembly (1385ms)
			LoadAssemblies (109ms)
			RebuildTransferFunctionScriptingTraits (0ms)
			SetupTypeCache (268ms)
			ReleaseScriptCaches (1ms)
			RebuildScriptCaches (69ms)
			SetupLoadedEditorAssemblies (890ms)
				LogAssemblyErrors (0ms)
				InitializePlatformSupportModulesInManaged (9ms)
				SetLoadedEditorAssemblies (1ms)
				RefreshPlugins (1ms)
				BeforeProcessingInitializeOnLoad (92ms)
				ProcessInitializeOnLoadAttributes (757ms)
				ProcessInitializeOnLoadMethodAttributes (24ms)
				AfterProcessingInitializeOnLoad (6ms)
				EditorAssembliesLoaded (0ms)
			ExecutionOrderSort2 (0ms)
			AwakeInstancesAfterBackupRestoration (6ms)
Platform modules already initialized, skipping
========================================================================
Worker process is ready to serve import requests
Launched and connected shader compiler UnityShaderCompiler.exe after 0.07 seconds
Refreshing native plugins compatible for Editor in 0.53 ms, found 3 plugins.
Preloading 0 native plugins for Editor in 0.00 ms.
Unloading 3159 Unused Serialized files (Serialized files now loaded: 0)
Unloading 34 unused Assets / (129.5 KB). Loaded Objects now: 3639.
Memory consumption went from 125.2 MB to 125.1 MB.
Total: 12.656700 ms (FindLiveObjects: 0.385100 ms CreateObjectMapping: 0.166700 ms MarkObjects: 11.755500 ms  DeleteObjects: 0.346000 ms)

AssetImportParameters requested are different than current active one (requested -> active):
  custom:video-decoder-ogg-theora: a1e56fd34408186e4bbccfd4996cb3dc -> 
  custom:container-muxer-webm: aa71ff27fc2769a1b78a27578f13a17b -> 
  custom:container-demuxer-webm: 4f35f7cbe854078d1ac9338744f61a02 -> 
  custom:video-encoder-webm-vp8: eb34c28f22e8b96e1ab97ce403110664 -> 
  custom:video-codec-MediaFoundation-h265: 746d11721c4dcdbdad8f713fa42b33f4 -> 
  custom:audio-encoder-webm-vorbis: bf7c407c2cedff20999df2af8eb42d56 -> 
  custom:framework-win-MediaFoundation: 216162199b28c13a410421893ffa2e32 -> 
  custom:container-demuxer-ogg: 62fdf1f143b41e24485cea50d1cbac27 -> 
  custom:video-decoder-webm-vp8: 9c59270c3fd7afecdb556c50c9e8de78 -> 
  custom:audio-decoder-ogg-vorbis: bf7c407c2cedff20999df2af8eb42d56 -> 
========================================================================
Received Import Request.
  Time since last request: 4721710.069536 seconds.
  path: Assets/Scenes/BrandonTestScene.unity
  artifactKey: Guid(05ba30dcea258234582afaaeed2a90c1) Importer(815301076,1909f56bfc062723c751e8b465ee728b)
Start importing Assets/Scenes/BrandonTestScene.unity using Guid(05ba30dcea258234582afaaeed2a90c1) Importer(815301076,1909f56bfc062723c751e8b465ee728b)  -> (artifact id: '4a0f3ed7a0007f6d1a3e0cb696b40700') in 0.022259 seconds 
========================================================================
Received Import Request.
  Time since last request: 14.988677 seconds.
  path: Assets/ThirdPartyAssets/Wild West Western/Models/Materials/Diamond.mat
  artifactKey: Guid(bece8a0fbdb876d46b4bc5502252c41d) Importer(815301076,1909f56bfc062723c751e8b465ee728b)
Start importing Assets/ThirdPartyAssets/Wild West Western/Models/Materials/Diamond.mat using Guid(bece8a0fbdb876d46b4bc5502252c41d) Importer(815301076,1909f56bfc062723c751e8b465ee728b)  -> (artifact id: '91c64e0ba8d3fe9e42e0d7f360ee9d7c') in 0.235769 seconds 
========================================================================
Received Import Request.
  Time since last request: 17.770757 seconds.
  path: Assets/Jojo Assets/Animations/Player1AnimatorController.controller
  artifactKey: Guid(3ef6d82a20031ba4eb332e4d3c34c6ab) Importer(815301076,1909f56bfc062723c751e8b465ee728b)
Start importing Assets/Jojo Assets/Animations/Player1AnimatorController.controller using Guid(3ef6d82a20031ba4eb332e4d3c34c6ab) Importer(815301076,1909f56bfc062723c751e8b465ee728b)  -> (artifact id: 'ca33d45d5ba0fba8ed57d66cfeaca10d') in 0.184383 seconds 
========================================================================
Received Import Request.
  Time since last request: 3511.891181 seconds.
  path: Assets/Jojo Assets/Animations/Player1AnimatorController.controller
  artifactKey: Guid(3ef6d82a20031ba4eb332e4d3c34c6ab) Importer(815301076,1909f56bfc062723c751e8b465ee728b)
Start importing Assets/Jojo Assets/Animations/Player1AnimatorController.controller using Guid(3ef6d82a20031ba4eb332e4d3c34c6ab) Importer(815301076,1909f56bfc062723c751e8b465ee728b)  -> (artifact id: 'b90c87016cff224616db485166df81f3') in 0.036825 seconds 
========================================================================
Received Import Request.
  Time since last request: 45.586677 seconds.
  path: Assets/ThirdPartyAssets/CharacterPack Lowpoly (FREE)
  artifactKey: Guid(cf46dc5b3e8aae9479516bb61529dfb0) Importer(815301076,1909f56bfc062723c751e8b465ee728b)
Start importing Assets/ThirdPartyAssets/CharacterPack Lowpoly (FREE) using Guid(cf46dc5b3e8aae9479516bb61529dfb0) Importer(815301076,1909f56bfc062723c751e8b465ee728b)  -> (artifact id: '037afaf416d398b555f7a616c18b683e') in 0.016890 seconds 
========================================================================
Received Import Request.
  Time since last request: 1.756922 seconds.
  path: Assets/ThirdPartyAssets/CharacterPack Lowpoly (FREE)/Models
  artifactKey: Guid(20d659788f578664ba0f176088a9289e) Importer(815301076,1909f56bfc062723c751e8b465ee728b)
Start importing Assets/ThirdPartyAssets/CharacterPack Lowpoly (FREE)/Models using Guid(20d659788f578664ba0f176088a9289e) Importer(815301076,1909f56bfc062723c751e8b465ee728b)  -> (artifact id: 'a35e8f90ef9fe25036416e8be994b251') in 0.013594 seconds 
========================================================================
Received Import Request.
  Time since last request: 2.976912 seconds.
  path: Assets/ThirdPartyAssets/CharacterPack Lowpoly (FREE)/Prefabs
  artifactKey: Guid(447e29b4308cb2141a355a6164f1f9fc) Importer(815301076,1909f56bfc062723c751e8b465ee728b)
Start importing Assets/ThirdPartyAssets/CharacterPack Lowpoly (FREE)/Prefabs using Guid(447e29b4308cb2141a355a6164f1f9fc) Importer(815301076,1909f56bfc062723c751e8b465ee728b)  -> (artifact id: '54a46dbc908d1b2c385d35aee5736a65') in 0.017006 seconds 
========================================================================
Received Import Request.
  Time since last request: 0.226500 seconds.
  path: Assets/ThirdPartyAssets/CharacterPack Lowpoly (FREE)/Prefabs/character1 (1).prefab
  artifactKey: Guid(a15133d8898d400449f7c21aef33e511) Importer(815301076,1909f56bfc062723c751e8b465ee728b)
Start importing Assets/ThirdPartyAssets/CharacterPack Lowpoly (FREE)/Prefabs/character1 (1).prefab using Guid(a15133d8898d400449f7c21aef33e511) Importer(815301076,1909f56bfc062723c751e8b465ee728b)  -> (artifact id: 'aa1fd3ae65c37565b42d9e3d0e3f6d2d') in 0.091798 seconds 
========================================================================
Received Import Request.
  Time since last request: 0.000096 seconds.
  path: Assets/ThirdPartyAssets/CharacterPack Lowpoly (FREE)/Prefabs/character2 (2).prefab
  artifactKey: Guid(4f2e058a94bca0742939d136d2b88baf) Importer(815301076,1909f56bfc062723c751e8b465ee728b)
Start importing Assets/ThirdPartyAssets/CharacterPack Lowpoly (FREE)/Prefabs/character2 (2).prefab using Guid(4f2e058a94bca0742939d136d2b88baf) Importer(815301076,1909f56bfc062723c751e8b465ee728b)  -> (artifact id: '4c6394ee56a795cc9c39e3b967643b61') in 0.053755 seconds 
========================================================================
Received Import Request.
  Time since last request: 0.000061 seconds.
  path: Assets/ThirdPartyAssets/CharacterPack Lowpoly (FREE)/Prefabs/character2.prefab
  artifactKey: Guid(e7707aec2cc25b449a610f5087a64251) Importer(815301076,1909f56bfc062723c751e8b465ee728b)
Start importing Assets/ThirdPartyAssets/CharacterPack Lowpoly (FREE)/Prefabs/character2.prefab using Guid(e7707aec2cc25b449a610f5087a64251) Importer(815301076,1909f56bfc062723c751e8b465ee728b)  -> (artifact id: '22e59100fc1f591727bdb01b8a0998fd') in 0.042471 seconds 
Editor requested this worker to shutdown with reason: Scaling down because of idle timeout
AssetImportWorker is now disconnected from the server
Process exiting
Exiting without the bug reporter. Application will terminate with return code 0