Using pre-set license
Built from '2021.3/staging' branch; Version is '2021.3.21f1 (1b156197d683) revision 1774945'; Using compiler version '192829333'; Build Type 'Release'
OS: 'Windows 11  (10.0.22621) 64bit Core' Language: 'en' Physical Memory: 16018 MB
BatchMode: 1, IsHumanControllingUs: 0, StartBugReporterOnCrash: 0, Is64bit: 1, IsPro: 1

COMMAND LINE ARGUMENTS:
C:\Program Files\Unity\Hub\Editor\2021.3.21f1\Editor\Unity.exe
-adb2
-batchMode
-noUpm
-name
AssetImportWorker10
-projectPath
C:/Users/jojjo/Documents/GitHub/Architecture
-logFile
Logs/AssetImportWorker10.log
-srvPort
65351
Successfully changed project path to: C:/Users/jojjo/Documents/GitHub/Architecture
C:/Users/jojjo/Documents/GitHub/Architecture
[UnityMemory] Configuration Parameters - Can be set up in boot.config
    "memorysetup-bucket-allocator-granularity=16"
    "memorysetup-bucket-allocator-bucket-count=8"
    "memorysetup-bucket-allocator-block-size=33554432"
    "memorysetup-bucket-allocator-block-count=8"
    "memorysetup-main-allocator-block-size=16777216"
    "memorysetup-thread-allocator-block-size=16777216"
    "memorysetup-gfx-main-allocator-block-size=16777216"
    "memorysetup-gfx-thread-allocator-block-size=16777216"
    "memorysetup-cache-allocator-block-size=4194304"
    "memorysetup-typetree-allocator-block-size=2097152"
    "memorysetup-profiler-bucket-allocator-granularity=16"
    "memorysetup-profiler-bucket-allocator-bucket-count=8"
    "memorysetup-profiler-bucket-allocator-block-size=33554432"
    "memorysetup-profiler-bucket-allocator-block-count=8"
    "memorysetup-profiler-allocator-block-size=16777216"
    "memorysetup-profiler-editor-allocator-block-size=1048576"
    "memorysetup-temp-allocator-size-main=16777216"
    "memorysetup-job-temp-allocator-block-size=2097152"
    "memorysetup-job-temp-allocator-block-size-background=1048576"
    "memorysetup-job-temp-allocator-reduction-small-platforms=262144"
    "memorysetup-temp-allocator-size-background-worker=32768"
    "memorysetup-temp-allocator-size-job-worker=262144"
    "memorysetup-temp-allocator-size-preload-manager=33554432"
    "memorysetup-temp-allocator-size-nav-mesh-worker=65536"
    "memorysetup-temp-allocator-size-audio-worker=65536"
    "memorysetup-temp-allocator-size-cloud-worker=32768"
    "memorysetup-temp-allocator-size-gi-baking-worker=262144"
    "memorysetup-temp-allocator-size-gfx=262144"
Player connection [28092] Host "[IP] 192.168.72.21 [Port] 0 [Flags] 2 [Guid] 492166988 [EditorId] 492166988 [Version] 1048832 [Id] WindowsEditor(7,JojoOmenPC) [Debug] 1 [PackageName] WindowsEditor [ProjectName] Editor" joined multi-casting on [225.0.0.222:54997]...

Player connection [28092] Host "[IP] 192.168.72.21 [Port] 0 [Flags] 2 [Guid] 492166988 [EditorId] 492166988 [Version] 1048832 [Id] WindowsEditor(7,JojoOmenPC) [Debug] 1 [PackageName] WindowsEditor [ProjectName] Editor" joined alternative multi-casting on [225.0.0.222:34997]...

Refreshing native plugins compatible for Editor in 50.72 ms, found 3 plugins.
Preloading 0 native plugins for Editor in 0.00 ms.
Initialize engine version: 2021.3.21f1 (1b156197d683)
[Subsystems] Discovering subsystems at path C:/Program Files/Unity/Hub/Editor/2021.3.21f1/Editor/Data/Resources/UnitySubsystems
[Subsystems] Discovering subsystems at path C:/Users/jojjo/Documents/GitHub/Architecture/Assets
GfxDevice: creating device client; threaded=0; jobified=0
Direct3D:
    Version:  Direct3D 11.0 [level 11.1]
    Renderer: NVIDIA GeForce RTX 3060 Ti (ID=0x2489)
    Vendor:   NVIDIA
    VRAM:     8038 MB
    Driver:   31.0.15.3179
Initialize mono
Mono path[0] = 'C:/Program Files/Unity/Hub/Editor/2021.3.21f1/Editor/Data/Managed'
Mono path[1] = 'C:/Program Files/Unity/Hub/Editor/2021.3.21f1/Editor/Data/MonoBleedingEdge/lib/mono/unityjit-win32'
Mono config path = 'C:/Program Files/Unity/Hub/Editor/2021.3.21f1/Editor/Data/MonoBleedingEdge/etc'
Using monoOptions --debugger-agent=transport=dt_socket,embedding=1,server=y,suspend=n,address=127.0.0.1:56964
Begin MonoManager ReloadAssembly
Registering precompiled unity dll's ...
Register platform support module: C:/Program Files/Unity/Hub/Editor/2021.3.21f1/Editor/Data/PlaybackEngines/WindowsStandaloneSupport/UnityEditor.WindowsStandalone.Extensions.dll
Registered in 0.007354 seconds.
Native extension for WindowsStandalone target not found
Refreshing native plugins compatible for Editor in 54.40 ms, found 3 plugins.
Preloading 0 native plugins for Editor in 0.00 ms.
Mono: successfully reloaded assembly
- Completed reload, in  0.545 seconds
Domain Reload Profiling:
	ReloadAssembly (546ms)
		BeginReloadAssembly (80ms)
			ExecutionOrderSort (0ms)
			DisableScriptedObjects (0ms)
			BackupInstance (0ms)
			ReleaseScriptingObjects (0ms)
			CreateAndSetChildDomain (1ms)
		EndReloadAssembly (365ms)
			LoadAssemblies (78ms)
			RebuildTransferFunctionScriptingTraits (0ms)
			SetupTypeCache (79ms)
			ReleaseScriptCaches (0ms)
			RebuildScriptCaches (26ms)
			SetupLoadedEditorAssemblies (215ms)
				LogAssemblyErrors (0ms)
				InitializePlatformSupportModulesInManaged (6ms)
				SetLoadedEditorAssemblies (0ms)
				RefreshPlugins (54ms)
				BeforeProcessingInitializeOnLoad (1ms)
				ProcessInitializeOnLoadAttributes (116ms)
				ProcessInitializeOnLoadMethodAttributes (37ms)
				AfterProcessingInitializeOnLoad (0ms)
				EditorAssembliesLoaded (0ms)
			ExecutionOrderSort2 (0ms)
			AwakeInstancesAfterBackupRestoration (0ms)
Platform modules already initialized, skipping
Registering precompiled user dll's ...
Registered in 0.004936 seconds.
Begin MonoManager ReloadAssembly
Symbol file LoadedFromMemory doesn't match image C:\Users\jojjo\Documents\GitHub\Architecture\Library\PackageCache\com.unity.visualscripting@1.8.0\Editor\VisualScripting.Core\Dependencies\YamlDotNet\Unity.VisualScripting.YamlDotNet.dll
Symbol file LoadedFromMemory doesn't match image C:\Users\jojjo\Documents\GitHub\Architecture\Library\PackageCache\com.unity.visualscripting@1.8.0\Editor\VisualScripting.Core\Dependencies\DotNetZip\Unity.VisualScripting.IonicZip.dll
Native extension for WindowsStandalone target not found
Refreshing native plugins compatible for Editor in 0.51 ms, found 3 plugins.
Preloading 0 native plugins for Editor in 0.00 ms.
System.Exception: Error! Visual Scripting: couldn't find visual scripting package
  at Unity.VisualScripting.PackageVersionUtility.get_version () [0x00025] in C:\Users\jojjo\Documents\GitHub\Architecture\Library\PackageCache\com.unity.visualscripting@1.8.0\Editor\VisualScripting.Core\Utilities\PackageVersionUtility.cs:22 
  at Unity.VisualScripting.BoltCoreManifest.get_version () [0x00000] in C:\Users\jojjo\Documents\GitHub\Architecture\Library\PackageCache\com.unity.visualscripting@1.8.0\Editor\VisualScripting.Core\Plugin\BoltCoreManifest.cs:11 
  at Unity.VisualScripting.PluginManifest.get_currentVersion () [0x00000] in C:\Users\jojjo\Documents\GitHub\Architecture\Library\PackageCache\com.unity.visualscripting@1.8.0\Editor\VisualScripting.Core\Plugins\PluginManifest.cs:33 
  at Unity.VisualScripting.PluginManifest.get_versionMismatch () [0x00000] in C:\Users\jojjo\Documents\GitHub\Architecture\Library\PackageCache\com.unity.visualscripting@1.8.0\Editor\VisualScripting.Core\Plugins\PluginManifest.cs:48 
  at Unity.VisualScripting.PluginContainer.Initialize () [0x0057d] in C:\Users\jojjo\Documents\GitHub\Architecture\Library\PackageCache\com.unity.visualscripting@1.8.0\Editor\VisualScripting.Core\Plugins\PluginContainer.cs:208 
  at Unity.VisualScripting.PluginContainer.InitializeOnLoad () [0x00012] in C:\Users\jojjo\Documents\GitHub\Architecture\Library\PackageCache\com.unity.visualscripting@1.8.0\Editor\VisualScripting.Core\Plugins\PluginContainer.cs:32 
  at Unity.VisualScripting.VSUsageUtility.DoInitializeOnLoadCalls () [0x00044] in C:\Users\jojjo\Documents\GitHub\Architecture\Library\PackageCache\com.unity.visualscripting@1.8.0\Editor\VisualScripting.Core\Utilities\VSUsageUtility.cs:76 
  at Unity.VisualScripting.VSUsageUtility.set_isVisualScriptingUsed (System.Boolean value) [0x00037] in C:\Users\jojjo\Documents\GitHub\Architecture\Library\PackageCache\com.unity.visualscripting@1.8.0\Editor\VisualScripting.Core\Utilities\VSUsageUtility.cs:114 
  at Unity.VisualScripting.VSUsageUtility.CheckAndSetIsVisualScriptingUsed () [0x0003f] in C:\Users\jojjo\Documents\GitHub\Architecture\Library\PackageCache\com.unity.visualscripting@1.8.0\Editor\VisualScripting.Core\Utilities\VSUsageUtility.cs:48 
  at Unity.VisualScripting.VSUsageUtility..cctor () [0x0000d] in C:\Users\jojjo\Documents\GitHub\Architecture\Library\PackageCache\com.unity.visualscripting@1.8.0\Editor\VisualScripting.Core\Utilities\VSUsageUtility.cs:22 
UnityEngine.StackTraceUtility:ExtractStackTrace ()
UnityEngine.DebugLogHandler:LogFormat (UnityEngine.LogType,UnityEngine.Object,string,object[])
UnityEngine.Logger:Log (UnityEngine.LogType,object)
UnityEngine.Debug:LogError (object)
UnityEditor.EditorAssemblies:ProcessInitializeOnLoadAttributes (System.Type[])

Mono: successfully reloaded assembly
- Completed reload, in  1.130 seconds
Domain Reload Profiling:
	ReloadAssembly (1131ms)
		BeginReloadAssembly (115ms)
			ExecutionOrderSort (0ms)
			DisableScriptedObjects (7ms)
			BackupInstance (0ms)
			ReleaseScriptingObjects (0ms)
			CreateAndSetChildDomain (19ms)
		EndReloadAssembly (927ms)
			LoadAssemblies (82ms)
			RebuildTransferFunctionScriptingTraits (0ms)
			SetupTypeCache (177ms)
			ReleaseScriptCaches (1ms)
			RebuildScriptCaches (52ms)
			SetupLoadedEditorAssemblies (598ms)
				LogAssemblyErrors (0ms)
				InitializePlatformSupportModulesInManaged (6ms)
				SetLoadedEditorAssemblies (0ms)
				RefreshPlugins (1ms)
				BeforeProcessingInitializeOnLoad (69ms)
				ProcessInitializeOnLoadAttributes (493ms)
				ProcessInitializeOnLoadMethodAttributes (20ms)
				AfterProcessingInitializeOnLoad (9ms)
				EditorAssembliesLoaded (0ms)
			ExecutionOrderSort2 (0ms)
			AwakeInstancesAfterBackupRestoration (6ms)
Platform modules already initialized, skipping
========================================================================
Worker process is ready to serve import requests
Launched and connected shader compiler UnityShaderCompiler.exe after 0.05 seconds
Refreshing native plugins compatible for Editor in 1.02 ms, found 3 plugins.
Preloading 0 native plugins for Editor in 0.00 ms.
Unloading 3153 Unused Serialized files (Serialized files now loaded: 0)
Unloading 34 unused Assets / (129.1 KB). Loaded Objects now: 3619.
Memory consumption went from 113.3 MB to 113.2 MB.
Total: 10.462100 ms (FindLiveObjects: 0.217800 ms CreateObjectMapping: 0.078700 ms MarkObjects: 10.080600 ms  DeleteObjects: 0.084200 ms)

AssetImportParameters requested are different than current active one (requested -> active):
  custom:video-decoder-ogg-theora: a1e56fd34408186e4bbccfd4996cb3dc -> 
  custom:container-muxer-webm: aa71ff27fc2769a1b78a27578f13a17b -> 
  custom:container-demuxer-webm: 4f35f7cbe854078d1ac9338744f61a02 -> 
  custom:video-encoder-webm-vp8: eb34c28f22e8b96e1ab97ce403110664 -> 
  custom:video-codec-MediaFoundation-h265: 746d11721c4dcdbdad8f713fa42b33f4 -> 
  custom:audio-encoder-webm-vorbis: bf7c407c2cedff20999df2af8eb42d56 -> 
  custom:framework-win-MediaFoundation: 216162199b28c13a410421893ffa2e32 -> 
  custom:container-demuxer-ogg: 62fdf1f143b41e24485cea50d1cbac27 -> 
  custom:video-decoder-webm-vp8: 9c59270c3fd7afecdb556c50c9e8de78 -> 
  custom:audio-decoder-ogg-vorbis: bf7c407c2cedff20999df2af8eb42d56 -> 
========================================================================
Received Import Request.
  Time since last request: 368274.104045 seconds.
  path: Assets/ThirdPartyAssets/Wild West Western/Textures/Barn_01.psd
  artifactKey: Guid(dc770679e133aed4b8e063acd1cddc78) Importer(815301076,1909f56bfc062723c751e8b465ee728b)
Start importing Assets/ThirdPartyAssets/Wild West Western/Textures/Barn_01.psd using Guid(dc770679e133aed4b8e063acd1cddc78) Importer(815301076,1909f56bfc062723c751e8b465ee728b)  -> (artifact id: 'fa027e2b10b091b9d3d46232aa8e9eb7') in 0.097822 seconds 
========================================================================
Received Import Request.
  Time since last request: 0.000014 seconds.
  path: Assets/ThirdPartyAssets/Wild West Western/Textures/Saloon_1.psd
  artifactKey: Guid(2b0ed731811457047b20462a6635934c) Importer(815301076,1909f56bfc062723c751e8b465ee728b)
Start importing Assets/ThirdPartyAssets/Wild West Western/Textures/Saloon_1.psd using Guid(2b0ed731811457047b20462a6635934c) Importer(815301076,1909f56bfc062723c751e8b465ee728b)  -> (artifact id: 'ac4095705643eae37a24f3ed1e1bfba0') in 0.011050 seconds 
========================================================================
Received Import Request.
  Time since last request: 0.000025 seconds.
  path: Assets/ThirdPartyAssets/Wild West Western/Textures/Tombstone.psd
  artifactKey: Guid(828623a0c2c145b48ad0955cf503b765) Importer(815301076,1909f56bfc062723c751e8b465ee728b)
Start importing Assets/ThirdPartyAssets/Wild West Western/Textures/Tombstone.psd using Guid(828623a0c2c145b48ad0955cf503b765) Importer(815301076,1909f56bfc062723c751e8b465ee728b)  -> (artifact id: '6b37d925934fccd272e9c549eddefa79') in 0.011702 seconds 
========================================================================
Received Import Request.
  Time since last request: 0.000013 seconds.
  path: Assets/ThirdPartyAssets/Wild West Western/Textures/Hay.psd
  artifactKey: Guid(6b79d7c77e9ad994ea17dbefae43966e) Importer(815301076,1909f56bfc062723c751e8b465ee728b)
Start importing Assets/ThirdPartyAssets/Wild West Western/Textures/Hay.psd using Guid(6b79d7c77e9ad994ea17dbefae43966e) Importer(815301076,1909f56bfc062723c751e8b465ee728b)  -> (artifact id: '5a765cb8d2255bfce56687d9d63d3589') in 0.010533 seconds 
========================================================================
Received Import Request.
  Time since last request: 0.000015 seconds.
  path: Assets/ThirdPartyAssets/Wild West Western/Textures/Church.psd
  artifactKey: Guid(0d7d206cd4cbc494c95a3b6a8cc41ce5) Importer(815301076,1909f56bfc062723c751e8b465ee728b)
Start importing Assets/ThirdPartyAssets/Wild West Western/Textures/Church.psd using Guid(0d7d206cd4cbc494c95a3b6a8cc41ce5) Importer(815301076,1909f56bfc062723c751e8b465ee728b)  -> (artifact id: 'f3b6912c306d53dedbb5064424ee4faa') in 0.012294 seconds 
========================================================================
Received Import Request.
  Time since last request: 0.000014 seconds.
  path: Assets/ThirdPartyAssets/Wild West Western/Textures/Barrel.psd
  artifactKey: Guid(6e7b892b34b65004ba93d7a955e02d97) Importer(815301076,1909f56bfc062723c751e8b465ee728b)
Start importing Assets/ThirdPartyAssets/Wild West Western/Textures/Barrel.psd using Guid(6e7b892b34b65004ba93d7a955e02d97) Importer(815301076,1909f56bfc062723c751e8b465ee728b)  -> (artifact id: 'eec9d4b6730c5c39de37eb8d16980c90') in 0.019611 seconds 
========================================================================
Received Import Request.
  Time since last request: 0.000013 seconds.
  path: Assets/ThirdPartyAssets/Wild West Western/Textures/Diamond.psd
  artifactKey: Guid(798d2d4959125b64a82cb6d870575604) Importer(815301076,1909f56bfc062723c751e8b465ee728b)
Start importing Assets/ThirdPartyAssets/Wild West Western/Textures/Diamond.psd using Guid(798d2d4959125b64a82cb6d870575604) Importer(815301076,1909f56bfc062723c751e8b465ee728b)  -> (artifact id: '07fe8af23347a7438928aae09fbb67d5') in 0.006977 seconds 
========================================================================
Received Import Request.
  Time since last request: 0.000016 seconds.
  path: Assets/ThirdPartyAssets/Wild West Western/Textures/Fence_Cmentary.psd
  artifactKey: Guid(06484136f20b10845b0d3e07a29e8874) Importer(815301076,1909f56bfc062723c751e8b465ee728b)
Start importing Assets/ThirdPartyAssets/Wild West Western/Textures/Fence_Cmentary.psd using Guid(06484136f20b10845b0d3e07a29e8874) Importer(815301076,1909f56bfc062723c751e8b465ee728b)  -> (artifact id: '067930038c785585f9bc9ed1c922cb23') in 0.012074 seconds 
========================================================================
Received Import Request.
  Time since last request: 0.000015 seconds.
  path: Assets/ThirdPartyAssets/Wild West Western/Textures/Gate.psd
  artifactKey: Guid(5f625699b6f8e234a99764f0204e8070) Importer(815301076,1909f56bfc062723c751e8b465ee728b)
Start importing Assets/ThirdPartyAssets/Wild West Western/Textures/Gate.psd using Guid(5f625699b6f8e234a99764f0204e8070) Importer(815301076,1909f56bfc062723c751e8b465ee728b)  -> (artifact id: '32ad18dbcefc227f2d7ba325def8f9b2') in 0.007553 seconds 
========================================================================
Received Import Request.
  Time since last request: 0.000016 seconds.
  path: Assets/ThirdPartyAssets/Wild West Western/Textures/Coin_01.psd
  artifactKey: Guid(ee219a0d17a0c824ca2bccc6c1f5780f) Importer(815301076,1909f56bfc062723c751e8b465ee728b)
Start importing Assets/ThirdPartyAssets/Wild West Western/Textures/Coin_01.psd using Guid(ee219a0d17a0c824ca2bccc6c1f5780f) Importer(815301076,1909f56bfc062723c751e8b465ee728b)  -> (artifact id: '17ca993286c45fb99559a4ecde89ce4b') in 0.015701 seconds 
========================================================================
Received Import Request.
  Time since last request: 0.000019 seconds.
  path: Assets/ThirdPartyAssets/Wild West Western/Textures/House_Standard_01.psd
  artifactKey: Guid(e47984dc8698f0b469140a1602753509) Importer(815301076,1909f56bfc062723c751e8b465ee728b)
Start importing Assets/ThirdPartyAssets/Wild West Western/Textures/House_Standard_01.psd using Guid(e47984dc8698f0b469140a1602753509) Importer(815301076,1909f56bfc062723c751e8b465ee728b)  -> (artifact id: 'b7ddc47de0d48ba64f105258d92a5d16') in 0.009556 seconds 
========================================================================
Received Import Request.
  Time since last request: 0.000016 seconds.
  path: Assets/ThirdPartyAssets/Wild West Western/Textures/Barn_02.psd
  artifactKey: Guid(6dfc325c10733e94f808b3bb06981fc0) Importer(815301076,1909f56bfc062723c751e8b465ee728b)
Start importing Assets/ThirdPartyAssets/Wild West Western/Textures/Barn_02.psd using Guid(6dfc325c10733e94f808b3bb06981fc0) Importer(815301076,1909f56bfc062723c751e8b465ee728b)  -> (artifact id: '00b603172b26aa5158556ad4304147c7') in 0.009011 seconds 
========================================================================
Received Import Request.
  Time since last request: 0.000016 seconds.
  path: Assets/ThirdPartyAssets/Wild West Western/Textures/Tracks.psd
  artifactKey: Guid(0adf71165c77ed646b6857ef0fd9464e) Importer(815301076,1909f56bfc062723c751e8b465ee728b)
Start importing Assets/ThirdPartyAssets/Wild West Western/Textures/Tracks.psd using Guid(0adf71165c77ed646b6857ef0fd9464e) Importer(815301076,1909f56bfc062723c751e8b465ee728b)  -> (artifact id: 'f72dbc2e4a653f38e239f7aa8e873988') in 0.007320 seconds 
========================================================================
Received Import Request.
  Time since last request: 0.000013 seconds.
  path: Assets/ThirdPartyAssets/Wild West Western/Textures/House_Standard_04_1.psd
  artifactKey: Guid(480ad16139cc09649ad2ab1dba2da882) Importer(815301076,1909f56bfc062723c751e8b465ee728b)
Start importing Assets/ThirdPartyAssets/Wild West Western/Textures/House_Standard_04_1.psd using Guid(480ad16139cc09649ad2ab1dba2da882) Importer(815301076,1909f56bfc062723c751e8b465ee728b)  -> (artifact id: 'c36d806ebd2e26ac8cad33f18fb0513e') in 0.008592 seconds 
========================================================================
Received Import Request.
  Time since last request: 0.000016 seconds.
  path: Assets/ThirdPartyAssets/Wild West Western/Textures/Cactus.psd
  artifactKey: Guid(0666a7e9001e13e4b9da585da16dd536) Importer(815301076,1909f56bfc062723c751e8b465ee728b)
Start importing Assets/ThirdPartyAssets/Wild West Western/Textures/Cactus.psd using Guid(0666a7e9001e13e4b9da585da16dd536) Importer(815301076,1909f56bfc062723c751e8b465ee728b)  -> (artifact id: '59c752236b50bc92ace7f6510f7b93ec') in 0.014911 seconds 
========================================================================
Received Import Request.
  Time since last request: 0.000017 seconds.
  path: Assets/ThirdPartyAssets/Wild West Western/Textures/Star.psd
  artifactKey: Guid(679865060dfe32543b19a9d3c9293f8a) Importer(815301076,1909f56bfc062723c751e8b465ee728b)
Start importing Assets/ThirdPartyAssets/Wild West Western/Textures/Star.psd using Guid(679865060dfe32543b19a9d3c9293f8a) Importer(815301076,1909f56bfc062723c751e8b465ee728b)  -> (artifact id: 'f7d1832000ddd65c04ca73c100f861ce') in 0.008410 seconds 
========================================================================
Received Import Request.
  Time since last request: 0.000013 seconds.
  path: Assets/ThirdPartyAssets/Wild West Western/Textures/House_Standard_04_2.psd
  artifactKey: Guid(bc3608299ed75a644b01ec0dbbae3d81) Importer(815301076,1909f56bfc062723c751e8b465ee728b)
Start importing Assets/ThirdPartyAssets/Wild West Western/Textures/House_Standard_04_2.psd using Guid(bc3608299ed75a644b01ec0dbbae3d81) Importer(815301076,1909f56bfc062723c751e8b465ee728b)  -> (artifact id: '63c285231c79e7ff843f3c33f225b943') in 0.007526 seconds 
========================================================================
Received Import Request.
  Time since last request: 0.000016 seconds.
  path: Assets/ThirdPartyAssets/Wild West Western/Textures/House_Standard_04_3.psd
  artifactKey: Guid(0ea4f85738252014ead9aacf677044cd) Importer(815301076,1909f56bfc062723c751e8b465ee728b)
Start importing Assets/ThirdPartyAssets/Wild West Western/Textures/House_Standard_04_3.psd using Guid(0ea4f85738252014ead9aacf677044cd) Importer(815301076,1909f56bfc062723c751e8b465ee728b)  -> (artifact id: '15679509bb21b0021d00e0ceeef1bba1') in 0.006341 seconds 
========================================================================
Received Import Request.
  Time since last request: 0.000029 seconds.
  path: Assets/ThirdPartyAssets/Wild West Western/Textures/House_Standard_04.psd
  artifactKey: Guid(05c8362d8daba13448292fb1725c6107) Importer(815301076,1909f56bfc062723c751e8b465ee728b)
Start importing Assets/ThirdPartyAssets/Wild West Western/Textures/House_Standard_04.psd using Guid(05c8362d8daba13448292fb1725c6107) Importer(815301076,1909f56bfc062723c751e8b465ee728b)  -> (artifact id: '3a24a10e5da1558607d76a4a5bfa86a6') in 0.007255 seconds 
========================================================================
Received Import Request.
  Time since last request: 0.000013 seconds.
  path: Assets/ThirdPartyAssets/Wild West Western/Textures/Coin_02.psd
  artifactKey: Guid(1008b900a7c537e4f94fdfb512e3d08f) Importer(815301076,1909f56bfc062723c751e8b465ee728b)
Start importing Assets/ThirdPartyAssets/Wild West Western/Textures/Coin_02.psd using Guid(1008b900a7c537e4f94fdfb512e3d08f) Importer(815301076,1909f56bfc062723c751e8b465ee728b)  -> (artifact id: 'accb1b52673e7ecbf86700db6f760fe4') in 0.007772 seconds 
========================================================================
Received Import Request.
  Time since last request: 0.000014 seconds.
  path: Assets/ThirdPartyAssets/Wild West Western/Textures/Safe.psd
  artifactKey: Guid(d2262214f2403fc4082ff794f1f3ee2c) Importer(815301076,1909f56bfc062723c751e8b465ee728b)
Start importing Assets/ThirdPartyAssets/Wild West Western/Textures/Safe.psd using Guid(d2262214f2403fc4082ff794f1f3ee2c) Importer(815301076,1909f56bfc062723c751e8b465ee728b)  -> (artifact id: '5baa705939c6e1156020b15ff9ba7dc2') in 0.012229 seconds 
========================================================================
Received Import Request.
  Time since last request: 0.000017 seconds.
  path: Assets/ThirdPartyAssets/Wild West Western/Textures/Trolley.psd
  artifactKey: Guid(47527bad22f99e54fbaadfd6d65de5f4) Importer(815301076,1909f56bfc062723c751e8b465ee728b)
Start importing Assets/ThirdPartyAssets/Wild West Western/Textures/Trolley.psd using Guid(47527bad22f99e54fbaadfd6d65de5f4) Importer(815301076,1909f56bfc062723c751e8b465ee728b)  -> (artifact id: '6d5250b78ffd774cc57b39a8747d43c5') in 0.006185 seconds 
========================================================================
Received Prepare
Registering precompiled user dll's ...
Registered in 0.005018 seconds.
Begin MonoManager ReloadAssembly
Symbol file LoadedFromMemory doesn't match image C:\Users\jojjo\Documents\GitHub\Architecture\Library\PackageCache\com.unity.visualscripting@1.8.0\Editor\VisualScripting.Core\Dependencies\YamlDotNet\Unity.VisualScripting.YamlDotNet.dll
Symbol file LoadedFromMemory doesn't match image C:\Users\jojjo\Documents\GitHub\Architecture\Library\PackageCache\com.unity.visualscripting@1.8.0\Editor\VisualScripting.Core\Dependencies\DotNetZip\Unity.VisualScripting.IonicZip.dll
Native extension for WindowsStandalone target not found
Refreshing native plugins compatible for Editor in 0.43 ms, found 3 plugins.
Preloading 0 native plugins for Editor in 0.00 ms.
System.Exception: Error! Visual Scripting: couldn't find visual scripting package
  at Unity.VisualScripting.PackageVersionUtility.get_version () [0x00025] in C:\Users\jojjo\Documents\GitHub\Architecture\Library\PackageCache\com.unity.visualscripting@1.8.0\Editor\VisualScripting.Core\Utilities\PackageVersionUtility.cs:22 
  at Unity.VisualScripting.BoltCoreManifest.get_version () [0x00000] in C:\Users\jojjo\Documents\GitHub\Architecture\Library\PackageCache\com.unity.visualscripting@1.8.0\Editor\VisualScripting.Core\Plugin\BoltCoreManifest.cs:11 
  at Unity.VisualScripting.PluginManifest.get_currentVersion () [0x00000] in C:\Users\jojjo\Documents\GitHub\Architecture\Library\PackageCache\com.unity.visualscripting@1.8.0\Editor\VisualScripting.Core\Plugins\PluginManifest.cs:33 
  at Unity.VisualScripting.PluginManifest.get_versionMismatch () [0x00000] in C:\Users\jojjo\Documents\GitHub\Architecture\Library\PackageCache\com.unity.visualscripting@1.8.0\Editor\VisualScripting.Core\Plugins\PluginManifest.cs:48 
  at Unity.VisualScripting.PluginContainer.Initialize () [0x0057d] in C:\Users\jojjo\Documents\GitHub\Architecture\Library\PackageCache\com.unity.visualscripting@1.8.0\Editor\VisualScripting.Core\Plugins\PluginContainer.cs:208 
  at Unity.VisualScripting.PluginContainer.InitializeOnLoad () [0x00012] in C:\Users\jojjo\Documents\GitHub\Architecture\Library\PackageCache\com.unity.visualscripting@1.8.0\Editor\VisualScripting.Core\Plugins\PluginContainer.cs:32 
  at Unity.VisualScripting.VSUsageUtility.DoInitializeOnLoadCalls () [0x00044] in C:\Users\jojjo\Documents\GitHub\Architecture\Library\PackageCache\com.unity.visualscripting@1.8.0\Editor\VisualScripting.Core\Utilities\VSUsageUtility.cs:76 
  at Unity.VisualScripting.VSUsageUtility.set_isVisualScriptingUsed (System.Boolean value) [0x00037] in C:\Users\jojjo\Documents\GitHub\Architecture\Library\PackageCache\com.unity.visualscripting@1.8.0\Editor\VisualScripting.Core\Utilities\VSUsageUtility.cs:114 
  at Unity.VisualScripting.VSUsageUtility.CheckAndSetIsVisualScriptingUsed () [0x00013] in C:\Users\jojjo\Documents\GitHub\Architecture\Library\PackageCache\com.unity.visualscripting@1.8.0\Editor\VisualScripting.Core\Utilities\VSUsageUtility.cs:33 
  at Unity.VisualScripting.VSUsageUtility..cctor () [0x0000d] in C:\Users\jojjo\Documents\GitHub\Architecture\Library\PackageCache\com.unity.visualscripting@1.8.0\Editor\VisualScripting.Core\Utilities\VSUsageUtility.cs:22 
UnityEngine.StackTraceUtility:ExtractStackTrace ()
UnityEngine.DebugLogHandler:LogFormat (UnityEngine.LogType,UnityEngine.Object,string,object[])
UnityEngine.Logger:Log (UnityEngine.LogType,object)
UnityEngine.Debug:LogError (object)
UnityEditor.EditorAssemblies:ProcessInitializeOnLoadAttributes (System.Type[])

Mono: successfully reloaded assembly
- Completed reload, in  1.238 seconds
Domain Reload Profiling:
	ReloadAssembly (1239ms)
		BeginReloadAssembly (159ms)
			ExecutionOrderSort (0ms)
			DisableScriptedObjects (4ms)
			BackupInstance (0ms)
			ReleaseScriptingObjects (0ms)
			CreateAndSetChildDomain (43ms)
		EndReloadAssembly (1000ms)
			LoadAssemblies (87ms)
			RebuildTransferFunctionScriptingTraits (0ms)
			SetupTypeCache (190ms)
			ReleaseScriptCaches (1ms)
			RebuildScriptCaches (52ms)
			SetupLoadedEditorAssemblies (499ms)
				LogAssemblyErrors (0ms)
				InitializePlatformSupportModulesInManaged (5ms)
				SetLoadedEditorAssemblies (0ms)
				RefreshPlugins (0ms)
				BeforeProcessingInitializeOnLoad (61ms)
				ProcessInitializeOnLoadAttributes (405ms)
				ProcessInitializeOnLoadMethodAttributes (17ms)
				AfterProcessingInitializeOnLoad (10ms)
				EditorAssembliesLoaded (0ms)
			ExecutionOrderSort2 (0ms)
			AwakeInstancesAfterBackupRestoration (7ms)
Platform modules already initialized, skipping
Refreshing native plugins compatible for Editor in 1.67 ms, found 3 plugins.
Preloading 0 native plugins for Editor in 0.00 ms.
Unloading 3134 Unused Serialized files (Serialized files now loaded: 0)
Unloading 15 unused Assets / (95.4 KB). Loaded Objects now: 3638.
Memory consumption went from 111.7 MB to 111.6 MB.
Total: 7.974300 ms (FindLiveObjects: 0.215700 ms CreateObjectMapping: 0.071300 ms MarkObjects: 7.647800 ms  DeleteObjects: 0.038500 ms)

AssetImportParameters requested are different than current active one (requested -> active):
  custom:video-decoder-ogg-theora: a1e56fd34408186e4bbccfd4996cb3dc -> 
  custom:container-muxer-webm: aa71ff27fc2769a1b78a27578f13a17b -> 
  custom:container-demuxer-webm: 4f35f7cbe854078d1ac9338744f61a02 -> 
  custom:video-encoder-webm-vp8: eb34c28f22e8b96e1ab97ce403110664 -> 
  custom:video-codec-MediaFoundation-h265: 746d11721c4dcdbdad8f713fa42b33f4 -> 
  custom:audio-encoder-webm-vorbis: bf7c407c2cedff20999df2af8eb42d56 -> 
  custom:framework-win-MediaFoundation: 216162199b28c13a410421893ffa2e32 -> 
  custom:container-demuxer-ogg: 62fdf1f143b41e24485cea50d1cbac27 -> 
  custom:video-decoder-webm-vp8: 9c59270c3fd7afecdb556c50c9e8de78 -> 
  custom:audio-decoder-ogg-vorbis: bf7c407c2cedff20999df2af8eb42d56 -> 
Editor requested this worker to shutdown with reason: Scaling down because of idle timeout
AssetImportWorker is now disconnected from the server
Process exiting
Exiting without the bug reporter. Application will terminate with return code 0